<?xml version="1.0" encoding="UTF-8"?>
<!-- Generated by org.testng.reporters.JUnitXMLReporter -->
<testsuite ignored="0" hostname="LAPTOP-OQPRRC6R" failures="0" tests="8" name="Test" time="0.17" errors="0" timestamp="2022-09-27T12:33:34 IST">
  <testcase classname="basic.Annotations" name="test1" time="0.007"/>
  <testcase classname="basic.Annotations" name="test2" time="0.002"/>
  <testcase classname="basic.Annotations" name="test3" time="0.002"/>
  <testcase classname="basic.Annotations1" name="test1" time="0.002"/>
  <testcase classname="basic.Annotations1" name="test2" time="0.002"/>
  <testcase classname="basic.Annotations1" name="test3" time="0.001"/>
  <testcase classname="basic.Annotations1" name="test4" time="0.002"/>
  <testcase classname="basic.Annotations1" name="test5" time="0.002"/>
</testsuite> <!-- Test -->
